#
# There is insufficient memory for the Java Runtime Environment to continue.
# Native memory allocation (malloc) failed to allocate 1048576 bytes for AllocateHeap
# Possible reasons:
#   The system is out of physical RAM or swap space
#   In 32 bit mode, the process size limit was hit
# Possible solutions:
#   Reduce memory load on the system
#   Increase physical memory or swap space
#   Check if swap backing store is full
#   Use 64 bit Java on a 64 bit OS
#   Decrease Java heap size (-Xmx/-Xms)
#   Decrease number of Java threads
#   Decrease Java thread stack sizes (-Xss)
#   Set larger code cache with -XX:ReservedCodeCacheSize=
# This output file may be truncated or incomplete.
#
#  Out of Memory Error (memory/allocation.inline.hpp:61), pid=23992, tid=0x0000000000002680
#
# JRE version:  (8.0_181-b13) (build )
# Java VM: Java HotSpot(TM) 64-Bit Server VM (25.181-b13 mixed mode windows-amd64 compressed oops)
# Failed to write core dump. Minidumps are not enabled by default on client versions of Windows
#

---------------  T H R E A D  ---------------

Current thread (0x0000000002b35000):  JavaThread "Unknown thread" [_thread_in_vm, id=9856, stack(0x0000000002470000,0x0000000002570000)]

Stack: [0x0000000002470000,0x0000000002570000]
[error occurred during error reporting (printing stack bounds), id 0xc0000005]

Native frames: (J=compiled Java code, j=interpreted, Vv=VM code, C=native code)


---------------  P R O C E S S  ---------------

Java Threads: ( => current thread )

Other Threads:

=>0x0000000002b35000 (exited) JavaThread "Unknown thread" [_thread_in_vm, id=9856, stack(0x0000000002470000,0x0000000002570000)]

VM state:not at safepoint (normal execution)

VM Mutex/Monitor currently owned by a thread: None

Heap:
 PSYoungGen      total 37888K, used 655K [0x00000000d6a00000, 0x00000000d9400000, 0x0000000100000000)
  eden space 32768K, 2% used [0x00000000d6a00000,0x00000000d6aa3d80,0x00000000d8a00000)
  from space 5120K, 0% used [0x00000000d8f00000,0x00000000d8f00000,0x00000000d9400000)
  to   space 5120K, 0% used [0x00000000d8a00000,0x00000000d8a00000,0x00000000d8f00000)
 ParOldGen       total 86016K, used 0K [0x0000000083e00000, 0x0000000089200000, 0x00000000d6a00000)
  object space 86016K, 0% used [0x0000000083e00000,0x0000000083e00000,0x0000000089200000)
 Metaspace       used 775K, capacity 4480K, committed 4480K, reserved 1056768K
  class space    used 76K, capacity 384K, committed 384K, reserved 1048576K

Card table byte_map: [0x0000000011ff0000,0x00000000123e0000] byte_map_base: 0x0000000011bd1000

Marking Bits: (ParMarkBitMap*) 0x0000000055132d00
 Begin Bits: [0x0000000012a80000, 0x0000000014988000)
 End Bits:   [0x0000000014988000, 0x0000000016890000)

Polling page: 0x0000000000640000

CodeCache: size=245760Kb used=328Kb max_used=328Kb free=245431Kb
 bounds [0x0000000002c30000, 0x0000000002ea0000, 0x0000000011c30000]
 total_blobs=58 nmethods=0 adapters=38
 compilation: enabled

Compilation events (0 events):
No events

GC Heap History (0 events):
No events

Deoptimization events (0 events):
No events

Classes redefined (0 events):
No events

Internal exceptions (0 events):
No events

Events (10 events):
Event: 0.052 loading class java/lang/Short
Event: 0.052 loading class java/lang/Short done
Event: 0.052 loading class java/lang/Integer
Event: 0.052 loading class java/lang/Integer done
Event: 0.052 loading class java/lang/Long
Event: 0.052 loading class java/lang/Long done
Event: 0.053 loading class java/lang/NullPointerException
Event: 0.053 loading class java/lang/NullPointerException done
Event: 0.053 loading class java/lang/ArithmeticException
Event: 0.053 loading class java/lang/ArithmeticException done


Dynamic libraries:
0x00007ff7d6e40000 - 0x00007ff7d6e77000 	D:\Program Files\Java\jdk1.8.0_181\bin\java.exe
0x00007ffa82700000 - 0x00007ffa828e1000 	C:\WINDOWS\SYSTEM32\ntdll.dll
0x00007ffa82370000 - 0x00007ffa82421000 	C:\WINDOWS\System32\KERNEL32.DLL
0x00007ffa7f1f0000 - 0x00007ffa7f463000 	C:\WINDOWS\System32\KERNELBASE.dll
0x00007ffa7fb80000 - 0x00007ffa7fc21000 	C:\WINDOWS\System32\ADVAPI32.dll
0x00007ffa82590000 - 0x00007ffa8262e000 	C:\WINDOWS\System32\msvcrt.dll
0x00007ffa80100000 - 0x00007ffa8015b000 	C:\WINDOWS\System32\sechost.dll
0x00007ffa808c0000 - 0x00007ffa809e4000 	C:\WINDOWS\System32\RPCRT4.dll
0x00007ffa80cf0000 - 0x00007ffa80e80000 	C:\WINDOWS\System32\USER32.dll
0x00007ffa7f1d0000 - 0x00007ffa7f1f0000 	C:\WINDOWS\System32\win32u.dll
0x00007ffa80ee0000 - 0x00007ffa80f08000 	C:\WINDOWS\System32\GDI32.dll
0x00007ffa7f8e0000 - 0x00007ffa7fa71000 	C:\WINDOWS\System32\gdi32full.dll
0x00007ffa7f470000 - 0x00007ffa7f50f000 	C:\WINDOWS\System32\msvcp_win.dll
0x00007ffa7f7e0000 - 0x00007ffa7f8d8000 	C:\WINDOWS\System32\ucrtbase.dll
0x00007ffa70d10000 - 0x00007ffa70f79000 	C:\WINDOWS\WinSxS\amd64_microsoft.windows.common-controls_6595b64144ccf1df_6.0.17134.1006_none_d3fbb8f77c940c3f\COMCTL32.dll
0x00007ffa7fd60000 - 0x00007ffa80081000 	C:\WINDOWS\System32\combase.dll
0x00007ffa7f760000 - 0x00007ffa7f7d9000 	C:\WINDOWS\System32\bcryptPrimitives.dll
0x00007ffa80160000 - 0x00007ffa8018d000 	C:\WINDOWS\System32\IMM32.DLL
0x00000000551c0000 - 0x0000000055292000 	D:\Program Files\Java\jdk1.8.0_181\jre\bin\msvcr100.dll
0x0000000054910000 - 0x00000000551b2000 	D:\Program Files\Java\jdk1.8.0_181\jre\bin\server\jvm.dll
0x00007ffa80460000 - 0x00007ffa80468000 	C:\WINDOWS\System32\PSAPI.DLL
0x00007ffa77b20000 - 0x00007ffa77b29000 	C:\WINDOWS\SYSTEM32\WSOCK32.dll
0x00007ffa82430000 - 0x00007ffa8249c000 	C:\WINDOWS\System32\WS2_32.dll
0x00007ffa6fa40000 - 0x00007ffa6fa63000 	C:\WINDOWS\SYSTEM32\WINMM.dll
0x00007ffa73550000 - 0x00007ffa7355a000 	C:\WINDOWS\SYSTEM32\VERSION.dll
0x00007ffa6fa10000 - 0x00007ffa6fa3a000 	C:\WINDOWS\SYSTEM32\WINMMBASE.dll
0x00007ffa7fa80000 - 0x00007ffa7fac9000 	C:\WINDOWS\System32\cfgmgr32.dll
0x0000000055c40000 - 0x0000000055c4f000 	D:\Program Files\Java\jdk1.8.0_181\jre\bin\verify.dll
0x0000000055c10000 - 0x0000000055c39000 	D:\Program Files\Java\jdk1.8.0_181\jre\bin\java.dll
0x0000000054850000 - 0x0000000054873000 	D:\Program Files\Java\jdk1.8.0_181\jre\bin\instrument.dll
0x00000000548c0000 - 0x00000000548d6000 	D:\Program Files\Java\jdk1.8.0_181\jre\bin\zip.dll

VM Arguments:
jvm_args: -javaagent:D:\Program Files\JetBrains\IntelliJ IDEA 2017.2.4\lib\idea_rt.jar=54437:D:\Program Files\JetBrains\IntelliJ IDEA 2017.2.4\bin -Dfile.encoding=UTF-8 
java_command: com.example.leetcode.demo.Tx.Question5
java_class_path (initial): D:\Program Files\Java\jdk1.8.0_181\jre\lib\charsets.jar;D:\Program Files\Java\jdk1.8.0_181\jre\lib\deploy.jar;D:\Program Files\Java\jdk1.8.0_181\jre\lib\ext\access-bridge-64.jar;D:\Program Files\Java\jdk1.8.0_181\jre\lib\ext\cldrdata.jar;D:\Program Files\Java\jdk1.8.0_181\jre\lib\ext\dnsns.jar;D:\Program Files\Java\jdk1.8.0_181\jre\lib\ext\jaccess.jar;D:\Program Files\Java\jdk1.8.0_181\jre\lib\ext\jfxrt.jar;D:\Program Files\Java\jdk1.8.0_181\jre\lib\ext\localedata.jar;D:\Program Files\Java\jdk1.8.0_181\jre\lib\ext\nashorn.jar;D:\Program Files\Java\jdk1.8.0_181\jre\lib\ext\sunec.jar;D:\Program Files\Java\jdk1.8.0_181\jre\lib\ext\sunjce_provider.jar;D:\Program Files\Java\jdk1.8.0_181\jre\lib\ext\sunmscapi.jar;D:\Program Files\Java\jdk1.8.0_181\jre\lib\ext\sunpkcs11.jar;D:\Program Files\Java\jdk1.8.0_181\jre\lib\ext\zipfs.jar;D:\Program Files\Java\jdk1.8.0_181\jre\lib\javaws.jar;D:\Program Files\Java\jdk1.8.0_181\jre\lib\jce.jar;D:\Program Files\Java\jdk1.8.0_181\jre\lib\jfr.jar;D:\Program Files\Java\jdk1.8.0_181\jre\lib\jfxswt.jar;D:\Program Files\Java\jdk1.8.0_181\jre\lib\jsse.jar;D:\Program Files\Java\jdk1.8.0_181\jre\lib\management-agent.jar;D:\Program Files\Java\jdk1.8.0_181\jre\lib\plugin.jar;D:\Program Files\Java\jdk1.8.0_181\jre\lib\resources.jar;D:\Program Files\Java\jdk1.8.0_181\jre\lib\rt.jar;E:\Git_workplace\leetcodePractise\target\classes;E:\Maven\repo\org\springframework\boot\spring-boot-starter-web\2.1.5.RELEASE\spring-boot-starter-web-2.1.5.RELEASE.jar;E:\Maven\repo\org\springframework\boot\spring-boot-starter\2.1.5.RELEASE\spring-boot-starter-2.1.5.RELEASE.jar;E:\Maven\repo\org\springframework\boot\spring-boot\2.1.5.RELEASE\spring-boot-2.1.5.RELEASE.jar;E:\Maven\repo\org\springframework\boot\spring-boot-autoconfigure\2.1.5.RELEASE\spring-boot-autoconfigure-2.1.5.RELEASE.jar;E:\Maven\repo\org\springframework\boot\spring-boot-starter-logging\2.1.5.RELEASE\spring-boot-starter-logging-2.1.5.RELEASE.jar;E:\Maven\repo\ch\qos\logb
Launcher Type: SUN_STANDARD

Environment Variables:
JAVA_HOME=D:\Program Files\Java\jdk1.8.0_181
CLASSPATH=.;D:\Program Files\Java\jdk1.8.0_181\lib;D:\Program Files\Java\jdk1.8.0_181\lib\tools.jar
PATH=D:\Program Files (x86)\NetSarang\Xshell 6\;C:\Program Files (x86)\Common Files\Oracle\Java\javapath;D:\Users\dove\AppData\Local\Programs\Python\Python36\Scripts\;D:\Users\dove\AppData\Local\Programs\Python\Python36\;C:\WINDOWS\system32;C:\WINDOWS;C:\WINDOWS\System32\Wbem;C:\WINDOWS\System32\WindowsPowerShell\v1.0\;D:\Program Files\MySQL\MySQL Server 5.5\bin;D:\Program Files\Java\jdk1.8.0_181\bin;D:\Program Files\Java\jdk1.8.0_181\jre\bin;D:\java_Maven\apache-maven-3.3.9\bin;D:\Program Files (x86)\Sybase\PowerDesigner 16;D:\Program Files\Git\cmd;C:\WINDOWS\System32\OpenSSH\;D:\Program Files\TortoiseGit\bin;D:\Program Files\TortoiseSVN\bin;D:\Program Files\nodejs\;C:\Users\dove\AppData\Local\Microsoft\WindowsApps;C:\Users\dove\AppData\Local\GitHubDesktop\bin;C:\Users\dove\AppData\Local\Microsoft\WindowsApps;C:\Users\dove\AppData\Roaming\npm
USERNAME=dove
OS=Windows_NT
PROCESSOR_IDENTIFIER=Intel64 Family 6 Model 60 Stepping 3, GenuineIntel



---------------  S Y S T E M  ---------------

OS: Windows 10.0 , 64 bit Build 17134 (10.0.17134.753)

CPU:total 4 (initial active 4) (2 cores per cpu, 2 threads per core) family 6 model 60 stepping 3, cmov, cx8, fxsr, mmx, sse, sse2, sse3, ssse3, sse4.1, sse4.2, popcnt, avx, avx2, aes, clmul, erms, lzcnt, ht, tsc, tscinvbit, bmi1, bmi2

Memory: 4k page, physical 8133608k(1127576k free), swap 18620032k(6128k free)

vm_info: Java HotSpot(TM) 64-Bit Server VM (25.181-b13) for windows-amd64 JRE (1.8.0_181-b13), built on Jul  7 2018 04:01:33 by "java_re" with MS VC++ 10.0 (VS2010)

time: Fri Sep 20 21:41:17 2019
elapsed time: 0 seconds (0d 0h 0m 0s)

